<?xml version="1.0" encoding="UTF-8"?>
<testsuite name="org.udesa.giftcard.model.TokenTest" tests="4" skipped="0" failures="0" errors="0" timestamp="2025-09-22T01:43:23.391Z" hostname="Benjas-MacBook-Air.local" time="0.026">
  <properties/>
  <testcase name="test02TokenSigueSiendoValidoExactamenteALos5Minutos()" classname="org.udesa.giftcard.model.TokenTest" time="0.017"/>
  <testcase name="test01TokenEsValidoAlMomentoDeEmision()" classname="org.udesa.giftcard.model.TokenTest" time="0.002"/>
  <testcase name="test03TokenExpiraAlSuperarLos5Minutos()" classname="org.udesa.giftcard.model.TokenTest" time="0.002"/>
  <testcase name="test04ExponeUsuarioYValor()" classname="org.udesa.giftcard.model.TokenTest" time="0.001"/>
  <system-out><![CDATA[]]></system-out>
  <system-err><![CDATA[]]></system-err>
</testsuite>
